<?xml version="1.0" encoding="UTF-8"?>
<!-- Generated by org.testng.reporters.JUnitXMLReporter -->
<testsuite hostname="nishant" ignored="0" name="BankingApp Test" tests="4" failures="0" timestamp="05 Feb 2020 20:16:16 GMT" time="49.503" errors="0">
  <testcase name="loginTest" time="12.49" classname="com.clearTrip.testCases.TC_LoginTest_001"/>
  <testcase name="verifyTitle" time="5.014" classname="com.clearTrip.testCases.TC_LoginTest_001"/>
  <testcase name="logoutTest" time="13.988" classname="com.clearTrip.testCases.TC_LoginTest_001"/>
  <testcase name="verifyMainMenuTexts" time="0.553" classname="com.clearTrip.testCases.TC_VerifyMenuList_002"/>
</testsuite> <!-- BankingApp Test -->
