<?xml version="1.0" encoding="UTF-8"?>
<testng-results skipped="0" failed="0" ignored="0" total="4" passed="4">
  <reporter-output>
  </reporter-output>
  <suite name="ClearTripv1" duration-ms="49503" started-at="2020-02-05T20:15:26Z" finished-at="2020-02-05T20:16:16Z">
    <groups>
    </groups>
    <test name="BankingApp Test" duration-ms="49503" started-at="2020-02-05T20:15:26Z" finished-at="2020-02-05T20:16:16Z">
      <class name="com.clearTrip.testCases.TC_VerifyMenuList_002">
        <test-method status="PASS" signature="setup(java.lang.String)[pri:0, instance:com.clearTrip.testCases.TC_VerifyMenuList_002@754ba872]" name="setup" is-config="true" duration-ms="7474" started-at="2020-02-05T20:16:07Z" finished-at="2020-02-05T20:16:14Z">
          <params>
            <param index="0">
              <value>
                <![CDATA[chrome]]>
              </value>
            </param>
          </params>
          <reporter-output>
          </reporter-output>
        </test-method> <!-- setup -->
        <test-method status="PASS" signature="verifyMainMenuTexts()[pri:4, instance:com.clearTrip.testCases.TC_VerifyMenuList_002@754ba872]" name="verifyMainMenuTexts" duration-ms="553" started-at="2020-02-05T20:16:14Z" finished-at="2020-02-05T20:16:15Z">
          <reporter-output>
          </reporter-output>
        </test-method> <!-- verifyMainMenuTexts -->
        <test-method status="PASS" signature="tearDown()[pri:0, instance:com.clearTrip.testCases.TC_VerifyMenuList_002@754ba872]" name="tearDown" is-config="true" duration-ms="750" started-at="2020-02-05T20:16:15Z" finished-at="2020-02-05T20:16:16Z">
          <reporter-output>
          </reporter-output>
        </test-method> <!-- tearDown -->
      </class> <!-- com.clearTrip.testCases.TC_VerifyMenuList_002 -->
      <class name="com.clearTrip.testCases.TC_LoginTest_001">
        <test-method status="PASS" signature="setup(java.lang.String)[pri:0, instance:com.clearTrip.testCases.TC_LoginTest_001@e25b2fe]" name="setup" is-config="true" duration-ms="8143" started-at="2020-02-05T20:15:26Z" finished-at="2020-02-05T20:15:35Z">
          <params>
            <param index="0">
              <value>
                <![CDATA[chrome]]>
              </value>
            </param>
          </params>
          <reporter-output>
          </reporter-output>
        </test-method> <!-- setup -->
        <test-method status="PASS" signature="loginTest()[pri:1, instance:com.clearTrip.testCases.TC_LoginTest_001@e25b2fe]" name="loginTest" duration-ms="12490" started-at="2020-02-05T20:15:35Z" finished-at="2020-02-05T20:15:47Z">
          <reporter-output>
          </reporter-output>
        </test-method> <!-- loginTest -->
        <test-method status="PASS" signature="verifyTitle()[pri:2, instance:com.clearTrip.testCases.TC_LoginTest_001@e25b2fe]" name="verifyTitle" duration-ms="5014" started-at="2020-02-05T20:15:47Z" finished-at="2020-02-05T20:15:52Z">
          <reporter-output>
          </reporter-output>
        </test-method> <!-- verifyTitle -->
        <test-method status="PASS" signature="logoutTest()[pri:3, instance:com.clearTrip.testCases.TC_LoginTest_001@e25b2fe]" name="logoutTest" duration-ms="13988" started-at="2020-02-05T20:15:52Z" finished-at="2020-02-05T20:16:06Z">
          <reporter-output>
          </reporter-output>
        </test-method> <!-- logoutTest -->
        <test-method status="PASS" signature="tearDown()[pri:0, instance:com.clearTrip.testCases.TC_LoginTest_001@e25b2fe]" name="tearDown" is-config="true" duration-ms="719" started-at="2020-02-05T20:16:06Z" finished-at="2020-02-05T20:16:07Z">
          <reporter-output>
          </reporter-output>
        </test-method> <!-- tearDown -->
      </class> <!-- com.clearTrip.testCases.TC_LoginTest_001 -->
    </test> <!-- BankingApp Test -->
  </suite> <!-- ClearTripv1 -->
</testng-results>
