<?xml version="1.0" encoding="UTF-8"?>
<testng-results skipped="0" failed="0" ignored="0" total="1" passed="1">
  <reporter-output>
  </reporter-output>
  <suite name="ClearTripv1" duration-ms="32137" started-at="2020-02-04T19:30:10Z" finished-at="2020-02-04T19:30:42Z">
    <groups>
    </groups>
    <test name="BankingApp Test" duration-ms="32137" started-at="2020-02-04T19:30:10Z" finished-at="2020-02-04T19:30:42Z">
      <class name="com.clearTrip.testCases.TC_LoginTest_001">
        <test-method status="PASS" signature="setup(java.lang.String)[pri:0, instance:com.clearTrip.testCases.TC_LoginTest_001@204f30ec]" name="setup" is-config="true" duration-ms="8504" started-at="2020-02-04T19:30:10Z" finished-at="2020-02-04T19:30:19Z">
          <params>
            <param index="0">
              <value>
                <![CDATA[chrome]]>
              </value>
            </param>
          </params>
          <reporter-output>
          </reporter-output>
        </test-method> <!-- setup -->
        <test-method status="PASS" signature="loginTest()[pri:0, instance:com.clearTrip.testCases.TC_LoginTest_001@204f30ec]" name="loginTest" duration-ms="22456" started-at="2020-02-04T19:30:19Z" finished-at="2020-02-04T19:30:41Z">
          <reporter-output>
          </reporter-output>
        </test-method> <!-- loginTest -->
        <test-method status="PASS" signature="tearDown()[pri:0, instance:com.clearTrip.testCases.TC_LoginTest_001@204f30ec]" name="tearDown" is-config="true" duration-ms="759" started-at="2020-02-04T19:30:41Z" finished-at="2020-02-04T19:30:42Z">
          <reporter-output>
          </reporter-output>
        </test-method> <!-- tearDown -->
      </class> <!-- com.clearTrip.testCases.TC_LoginTest_001 -->
    </test> <!-- BankingApp Test -->
  </suite> <!-- ClearTripv1 -->
</testng-results>
